[0.009s] Invoking command in '/home/elton/temp_humidity_ws/build/dht11': CMAKE_PREFIX_PATH=${CMAKE_PREFIX_PATH}:/opt/ros/jazzy DEBUGINFOD_URLS=https://debuginfod.ubuntu.com /usr/bin/cmake --build /home/elton/temp_humidity_ws/build/dht11 -- -j22 -l22
[0.061s] [ 33%] Built target humid_sub
[0.061s] [ 66%] Built target temp_sub
[0.064s] [ 83%] [32mBuilding CXX object CMakeFiles/dht_pub.dir/src/dht_pub.cpp.o[0m
[2.555s] [100%] [32m[1mLinking CXX executable dht_pub[0m
[2.656s] [100%] Built target dht_pub
[2.668s] Invoked command in '/home/elton/temp_humidity_ws/build/dht11' returned '0': CMAKE_PREFIX_PATH=${CMAKE_PREFIX_PATH}:/opt/ros/jazzy DEBUGINFOD_URLS=https://debuginfod.ubuntu.com /usr/bin/cmake --build /home/elton/temp_humidity_ws/build/dht11 -- -j22 -l22
[2.676s] Invoking command in '/home/elton/temp_humidity_ws/build/dht11': CMAKE_PREFIX_PATH=${CMAKE_PREFIX_PATH}:/opt/ros/jazzy DEBUGINFOD_URLS=https://debuginfod.ubuntu.com /usr/bin/cmake --install /home/elton/temp_humidity_ws/build/dht11
[2.684s] -- Install configuration: ""
[2.684s] -- Up-to-date: /home/elton/temp_humidity_ws/install/dht11/lib/dht11/temp_sub
[2.684s] -- Up-to-date: /home/elton/temp_humidity_ws/install/dht11/lib/dht11/humid_sub
[2.684s] -- Installing: /home/elton/temp_humidity_ws/install/dht11/lib/dht11/dht_pub
[2.685s] -- Set non-toolchain portion of runtime path of "/home/elton/temp_humidity_ws/install/dht11/lib/dht11/dht_pub" to ""
[2.685s] -- Up-to-date: /home/elton/temp_humidity_ws/install/dht11/share/ament_index/resource_index/package_run_dependencies/dht11
[2.685s] -- Up-to-date: /home/elton/temp_humidity_ws/install/dht11/share/ament_index/resource_index/parent_prefix_path/dht11
[2.685s] -- Up-to-date: /home/elton/temp_humidity_ws/install/dht11/share/dht11/environment/ament_prefix_path.sh
[2.685s] -- Up-to-date: /home/elton/temp_humidity_ws/install/dht11/share/dht11/environment/ament_prefix_path.dsv
[2.685s] -- Up-to-date: /home/elton/temp_humidity_ws/install/dht11/share/dht11/environment/path.sh
[2.685s] -- Up-to-date: /home/elton/temp_humidity_ws/install/dht11/share/dht11/environment/path.dsv
[2.686s] -- Up-to-date: /home/elton/temp_humidity_ws/install/dht11/share/dht11/local_setup.bash
[2.686s] -- Up-to-date: /home/elton/temp_humidity_ws/install/dht11/share/dht11/local_setup.sh
[2.686s] -- Up-to-date: /home/elton/temp_humidity_ws/install/dht11/share/dht11/local_setup.zsh
[2.686s] -- Up-to-date: /home/elton/temp_humidity_ws/install/dht11/share/dht11/local_setup.dsv
[2.686s] -- Installing: /home/elton/temp_humidity_ws/install/dht11/share/dht11/package.dsv
[2.686s] -- Up-to-date: /home/elton/temp_humidity_ws/install/dht11/share/ament_index/resource_index/packages/dht11
[2.686s] -- Up-to-date: /home/elton/temp_humidity_ws/install/dht11/share/dht11/cmake/dht11Config.cmake
[2.686s] -- Up-to-date: /home/elton/temp_humidity_ws/install/dht11/share/dht11/cmake/dht11Config-version.cmake
[2.686s] -- Up-to-date: /home/elton/temp_humidity_ws/install/dht11/share/dht11/package.xml
[2.686s] Invoked command in '/home/elton/temp_humidity_ws/build/dht11' returned '0': CMAKE_PREFIX_PATH=${CMAKE_PREFIX_PATH}:/opt/ros/jazzy DEBUGINFOD_URLS=https://debuginfod.ubuntu.com /usr/bin/cmake --install /home/elton/temp_humidity_ws/build/dht11
