-- The C compiler identification is GNU 13.3.0
-- The CXX compiler identification is GNU 13.3.0
-- Detecting C compiler ABI info
-- Detecting C compiler ABI info - done
-- Check for working C compiler: /usr/bin/cc - skipped
-- Detecting C compile features
-- Detecting C compile features - done
-- Detecting CXX compiler ABI info
-- Detecting CXX compiler ABI info - done
-- Check for working CXX compiler: /usr/bin/c++ - skipped
-- Detecting CXX compile features
-- Detecting CXX compile features - done
-- Found ament_cmake: 2.5.4 (/opt/ros/jazzy/share/ament_cmake/cmake)
-- Found Python3: /usr/bin/python3 (found version "3.12.3") found components: Interpreter 
-- Found rclcpp: 28.1.10 (/opt/ros/jazzy/share/rclcpp/cmake)
-- Found rosidl_generator_c: 4.6.5 (/opt/ros/jazzy/share/rosidl_generator_c/cmake)
-- Found rosidl_generator_cpp: 4.6.5 (/opt/ros/jazzy/share/rosidl_generator_cpp/cmake)
-- Using all available rosidl_typesupport_c: rosidl_typesupport_fastrtps_c;rosidl_typesupport_introspection_c
-- Using all available rosidl_typesupport_cpp: rosidl_typesupport_fastrtps_cpp;rosidl_typesupport_introspection_cpp
-- Found rmw_implementation_cmake: 7.3.2 (/opt/ros/jazzy/share/rmw_implementation_cmake/cmake)
-- Found rmw_fastrtps_cpp: 8.4.2 (/opt/ros/jazzy/share/rmw_fastrtps_cpp/cmake)
-- Found OpenSSL: /usr/lib/x86_64-linux-gnu/libcrypto.so (found version "3.0.13")  
-- Found FastRTPS: /opt/ros/jazzy/include (Required is at least version "2.13") 
-- Using RMW implementation 'rmw_fastrtps_cpp' as default
-- Found std_msgs: 5.3.6 (/opt/ros/jazzy/share/std_msgs/cmake)
-- Found ament_lint_auto: 0.17.2 (/opt/ros/jazzy/share/ament_lint_auto/cmake)
-- Added test 'cppcheck' to perform static code analysis on C / C++ code
-- Configured cppcheck include dirs: 
-- Configured cppcheck exclude dirs and/or files: 
-- Added test 'lint_cmake' to check CMake code style
-- Added test 'uncrustify' to check C / C++ code style
-- Configured uncrustify additional arguments: 
-- Added test 'xmllint' to check XML markup files
-- Configuring done (1.0s)
-- Generating done (0.0s)
-- Build files have been written to: /home/elton/temp_humidity_ws/build/dht11
[ 16%] [32mBuilding CXX object CMakeFiles/humid_sub.dir/src/humid_sub.cpp.o[0m
[ 33%] [32mBuilding CXX object CMakeFiles/dht_pub.dir/src/dht_pub.cpp.o[0m
[ 50%] [32mBuilding CXX object CMakeFiles/temp_sub.dir/src/temp_sub.cpp.o[0m
[ 66%] [32m[1mLinking CXX executable dht_pub[0m
[ 66%] Built target dht_pub
[ 83%] [32m[1mLinking CXX executable humid_sub[0m
[100%] [32m[1mLinking CXX executable temp_sub[0m
[100%] Built target humid_sub
[100%] Built target temp_sub
-- Install configuration: ""
-- Installing: /home/elton/temp_humidity_ws/install/dht11/lib/dht11/temp_sub
-- Set non-toolchain portion of runtime path of "/home/elton/temp_humidity_ws/install/dht11/lib/dht11/temp_sub" to ""
-- Installing: /home/elton/temp_humidity_ws/install/dht11/lib/dht11/humid_sub
-- Set non-toolchain portion of runtime path of "/home/elton/temp_humidity_ws/install/dht11/lib/dht11/humid_sub" to ""
-- Installing: /home/elton/temp_humidity_ws/install/dht11/lib/dht11/dht_pub
-- Set non-toolchain portion of runtime path of "/home/elton/temp_humidity_ws/install/dht11/lib/dht11/dht_pub" to ""
-- Installing: /home/elton/temp_humidity_ws/install/dht11/share/ament_index/resource_index/package_run_dependencies/dht11
-- Installing: /home/elton/temp_humidity_ws/install/dht11/share/ament_index/resource_index/parent_prefix_path/dht11
-- Installing: /home/elton/temp_humidity_ws/install/dht11/share/dht11/environment/ament_prefix_path.sh
-- Installing: /home/elton/temp_humidity_ws/install/dht11/share/dht11/environment/ament_prefix_path.dsv
-- Installing: /home/elton/temp_humidity_ws/install/dht11/share/dht11/environment/path.sh
-- Installing: /home/elton/temp_humidity_ws/install/dht11/share/dht11/environment/path.dsv
-- Installing: /home/elton/temp_humidity_ws/install/dht11/share/dht11/local_setup.bash
-- Installing: /home/elton/temp_humidity_ws/install/dht11/share/dht11/local_setup.sh
-- Installing: /home/elton/temp_humidity_ws/install/dht11/share/dht11/local_setup.zsh
-- Installing: /home/elton/temp_humidity_ws/install/dht11/share/dht11/local_setup.dsv
-- Installing: /home/elton/temp_humidity_ws/install/dht11/share/dht11/package.dsv
-- Installing: /home/elton/temp_humidity_ws/install/dht11/share/ament_index/resource_index/packages/dht11
-- Installing: /home/elton/temp_humidity_ws/install/dht11/share/dht11/cmake/dht11Config.cmake
-- Installing: /home/elton/temp_humidity_ws/install/dht11/share/dht11/cmake/dht11Config-version.cmake
-- Installing: /home/elton/temp_humidity_ws/install/dht11/share/dht11/package.xml
