[0.009s] Invoking command in '/home/elton/temp_humidity_ws/build/dht11': CMAKE_PREFIX_PATH=${CMAKE_PREFIX_PATH}:/opt/ros/jazzy DEBUGINFOD_URLS=https://debuginfod.ubuntu.com /usr/bin/cmake /home/elton/temp_humidity_ws/src/dht11 -DCMAKE_INSTALL_PREFIX=/home/elton/temp_humidity_ws/install/dht11
[0.092s] -- The C compiler identification is GNU 13.3.0
[0.154s] -- The CXX compiler identification is GNU 13.3.0
[0.169s] -- Detecting C compiler ABI info
[0.246s] -- Detecting C compiler ABI info - done
[0.252s] -- Check for working C compiler: /usr/bin/cc - skipped
[0.253s] -- Detecting C compile features
[0.253s] -- Detecting C compile features - done
[0.261s] -- Detecting CXX compiler ABI info
[0.346s] -- Detecting CXX compiler ABI info - done
[0.351s] -- Check for working CXX compiler: /usr/bin/c++ - skipped
[0.351s] -- Detecting CXX compile features
[0.352s] -- Detecting CXX compile features - done
[0.356s] -- Found ament_cmake: 2.5.4 (/opt/ros/jazzy/share/ament_cmake/cmake)
[0.466s] -- Found Python3: /usr/bin/python3 (found version "3.12.3") found components: Interpreter 
[0.553s] -- Found rclcpp: 28.1.10 (/opt/ros/jazzy/share/rclcpp/cmake)
[0.589s] -- Found rosidl_generator_c: 4.6.5 (/opt/ros/jazzy/share/rosidl_generator_c/cmake)
[0.599s] -- Found rosidl_generator_cpp: 4.6.5 (/opt/ros/jazzy/share/rosidl_generator_cpp/cmake)
[0.615s] -- Using all available rosidl_typesupport_c: rosidl_typesupport_fastrtps_c;rosidl_typesupport_introspection_c
[0.629s] -- Using all available rosidl_typesupport_cpp: rosidl_typesupport_fastrtps_cpp;rosidl_typesupport_introspection_cpp
[0.687s] -- Found rmw_implementation_cmake: 7.3.2 (/opt/ros/jazzy/share/rmw_implementation_cmake/cmake)
[0.690s] -- Found rmw_fastrtps_cpp: 8.4.2 (/opt/ros/jazzy/share/rmw_fastrtps_cpp/cmake)
[0.780s] -- Found OpenSSL: /usr/lib/x86_64-linux-gnu/libcrypto.so (found version "3.0.13")  
[0.801s] -- Found FastRTPS: /opt/ros/jazzy/include (Required is at least version "2.13") 
[0.822s] -- Using RMW implementation 'rmw_fastrtps_cpp' as default
[0.888s] -- Found std_msgs: 5.3.6 (/opt/ros/jazzy/share/std_msgs/cmake)
[0.900s] -- Found ament_lint_auto: 0.17.2 (/opt/ros/jazzy/share/ament_lint_auto/cmake)
[0.976s] -- Added test 'cppcheck' to perform static code analysis on C / C++ code
[0.976s] -- Configured cppcheck include dirs: 
[0.977s] -- Configured cppcheck exclude dirs and/or files: 
[0.977s] -- Added test 'lint_cmake' to check CMake code style
[0.978s] -- Added test 'uncrustify' to check C / C++ code style
[0.978s] -- Configured uncrustify additional arguments: 
[0.978s] -- Added test 'xmllint' to check XML markup files
[0.980s] -- Configuring done (1.0s)
[0.988s] -- Generating done (0.0s)
[0.992s] -- Build files have been written to: /home/elton/temp_humidity_ws/build/dht11
[1.001s] Invoked command in '/home/elton/temp_humidity_ws/build/dht11' returned '0': CMAKE_PREFIX_PATH=${CMAKE_PREFIX_PATH}:/opt/ros/jazzy DEBUGINFOD_URLS=https://debuginfod.ubuntu.com /usr/bin/cmake /home/elton/temp_humidity_ws/src/dht11 -DCMAKE_INSTALL_PREFIX=/home/elton/temp_humidity_ws/install/dht11
[1.002s] Invoking command in '/home/elton/temp_humidity_ws/build/dht11': CMAKE_PREFIX_PATH=${CMAKE_PREFIX_PATH}:/opt/ros/jazzy DEBUGINFOD_URLS=https://debuginfod.ubuntu.com /usr/bin/cmake --build /home/elton/temp_humidity_ws/build/dht11 -- -j22 -l22
[1.049s] [ 16%] [32mBuilding CXX object CMakeFiles/humid_sub.dir/src/humid_sub.cpp.o[0m
[1.050s] [ 33%] [32mBuilding CXX object CMakeFiles/dht_pub.dir/src/dht_pub.cpp.o[0m
[1.050s] [ 50%] [32mBuilding CXX object CMakeFiles/temp_sub.dir/src/temp_sub.cpp.o[0m
[3.809s] [ 66%] [32m[1mLinking CXX executable dht_pub[0m
[3.934s] [ 66%] Built target dht_pub
[5.563s] [ 83%] [32m[1mLinking CXX executable humid_sub[0m
[5.568s] [100%] [32m[1mLinking CXX executable temp_sub[0m
[5.721s] [100%] Built target humid_sub
[5.721s] [100%] Built target temp_sub
[5.731s] Invoked command in '/home/elton/temp_humidity_ws/build/dht11' returned '0': CMAKE_PREFIX_PATH=${CMAKE_PREFIX_PATH}:/opt/ros/jazzy DEBUGINFOD_URLS=https://debuginfod.ubuntu.com /usr/bin/cmake --build /home/elton/temp_humidity_ws/build/dht11 -- -j22 -l22
[5.739s] Invoking command in '/home/elton/temp_humidity_ws/build/dht11': CMAKE_PREFIX_PATH=${CMAKE_PREFIX_PATH}:/opt/ros/jazzy DEBUGINFOD_URLS=https://debuginfod.ubuntu.com /usr/bin/cmake --install /home/elton/temp_humidity_ws/build/dht11
[5.743s] -- Install configuration: ""
[5.743s] -- Installing: /home/elton/temp_humidity_ws/install/dht11/lib/dht11/temp_sub
[5.745s] -- Set non-toolchain portion of runtime path of "/home/elton/temp_humidity_ws/install/dht11/lib/dht11/temp_sub" to ""
[5.745s] -- Installing: /home/elton/temp_humidity_ws/install/dht11/lib/dht11/humid_sub
[5.747s] -- Set non-toolchain portion of runtime path of "/home/elton/temp_humidity_ws/install/dht11/lib/dht11/humid_sub" to ""
[5.747s] -- Installing: /home/elton/temp_humidity_ws/install/dht11/lib/dht11/dht_pub
[5.747s] -- Set non-toolchain portion of runtime path of "/home/elton/temp_humidity_ws/install/dht11/lib/dht11/dht_pub" to ""
[5.748s] -- Installing: /home/elton/temp_humidity_ws/install/dht11/share/ament_index/resource_index/package_run_dependencies/dht11
[5.748s] -- Installing: /home/elton/temp_humidity_ws/install/dht11/share/ament_index/resource_index/parent_prefix_path/dht11
[5.748s] -- Installing: /home/elton/temp_humidity_ws/install/dht11/share/dht11/environment/ament_prefix_path.sh
[5.748s] -- Installing: /home/elton/temp_humidity_ws/install/dht11/share/dht11/environment/ament_prefix_path.dsv
[5.748s] -- Installing: /home/elton/temp_humidity_ws/install/dht11/share/dht11/environment/path.sh
[5.748s] -- Installing: /home/elton/temp_humidity_ws/install/dht11/share/dht11/environment/path.dsv
[5.748s] -- Installing: /home/elton/temp_humidity_ws/install/dht11/share/dht11/local_setup.bash
[5.748s] -- Installing: /home/elton/temp_humidity_ws/install/dht11/share/dht11/local_setup.sh
[5.748s] -- Installing: /home/elton/temp_humidity_ws/install/dht11/share/dht11/local_setup.zsh
[5.748s] -- Installing: /home/elton/temp_humidity_ws/install/dht11/share/dht11/local_setup.dsv
[5.749s] -- Installing: /home/elton/temp_humidity_ws/install/dht11/share/dht11/package.dsv
[5.749s] -- Installing: /home/elton/temp_humidity_ws/install/dht11/share/ament_index/resource_index/packages/dht11
[5.749s] -- Installing: /home/elton/temp_humidity_ws/install/dht11/share/dht11/cmake/dht11Config.cmake
[5.749s] -- Installing: /home/elton/temp_humidity_ws/install/dht11/share/dht11/cmake/dht11Config-version.cmake
[5.749s] -- Installing: /home/elton/temp_humidity_ws/install/dht11/share/dht11/package.xml
[5.749s] Invoked command in '/home/elton/temp_humidity_ws/build/dht11' returned '0': CMAKE_PREFIX_PATH=${CMAKE_PREFIX_PATH}:/opt/ros/jazzy DEBUGINFOD_URLS=https://debuginfod.ubuntu.com /usr/bin/cmake --install /home/elton/temp_humidity_ws/build/dht11
