[0.007s] Invoking command in '/home/elton/temp_humidity_ws/build/dht11': CMAKE_PREFIX_PATH=${CMAKE_PREFIX_PATH}:/opt/ros/jazzy DEBUGINFOD_URLS=https://debuginfod.ubuntu.com /usr/bin/cmake --build /home/elton/temp_humidity_ws/build/dht11 -- -j22 -l22
[0.052s] [ 33%] Built target dht_pub
[0.054s] [100%] Built target temp_sub
[0.054s] [100%] Built target humid_sub
[0.065s] Invoked command in '/home/elton/temp_humidity_ws/build/dht11' returned '0': CMAKE_PREFIX_PATH=${CMAKE_PREFIX_PATH}:/opt/ros/jazzy DEBUGINFOD_URLS=https://debuginfod.ubuntu.com /usr/bin/cmake --build /home/elton/temp_humidity_ws/build/dht11 -- -j22 -l22
[0.072s] Invoking command in '/home/elton/temp_humidity_ws/build/dht11': CMAKE_PREFIX_PATH=${CMAKE_PREFIX_PATH}:/opt/ros/jazzy DEBUGINFOD_URLS=https://debuginfod.ubuntu.com /usr/bin/cmake --install /home/elton/temp_humidity_ws/build/dht11
[0.079s] -- Install configuration: ""
[0.079s] -- Up-to-date: /home/elton/temp_humidity_ws/install/dht11/lib/dht11/temp_sub
[0.079s] -- Up-to-date: /home/elton/temp_humidity_ws/install/dht11/lib/dht11/humid_sub
[0.079s] -- Up-to-date: /home/elton/temp_humidity_ws/install/dht11/lib/dht11/dht_pub
[0.079s] -- Up-to-date: /home/elton/temp_humidity_ws/install/dht11/share/ament_index/resource_index/package_run_dependencies/dht11
[0.079s] -- Up-to-date: /home/elton/temp_humidity_ws/install/dht11/share/ament_index/resource_index/parent_prefix_path/dht11
[0.079s] -- Up-to-date: /home/elton/temp_humidity_ws/install/dht11/share/dht11/environment/ament_prefix_path.sh
[0.080s] -- Up-to-date: /home/elton/temp_humidity_ws/install/dht11/share/dht11/environment/ament_prefix_path.dsv
[0.080s] -- Up-to-date: /home/elton/temp_humidity_ws/install/dht11/share/dht11/environment/path.sh
[0.080s] -- Up-to-date: /home/elton/temp_humidity_ws/install/dht11/share/dht11/environment/path.dsv
[0.080s] -- Up-to-date: /home/elton/temp_humidity_ws/install/dht11/share/dht11/local_setup.bash
[0.080s] -- Up-to-date: /home/elton/temp_humidity_ws/install/dht11/share/dht11/local_setup.sh
[0.080s] -- Up-to-date: /home/elton/temp_humidity_ws/install/dht11/share/dht11/local_setup.zsh
[0.080s] -- Up-to-date: /home/elton/temp_humidity_ws/install/dht11/share/dht11/local_setup.dsv
[0.080s] -- Installing: /home/elton/temp_humidity_ws/install/dht11/share/dht11/package.dsv
[0.080s] -- Up-to-date: /home/elton/temp_humidity_ws/install/dht11/share/ament_index/resource_index/packages/dht11
[0.080s] -- Up-to-date: /home/elton/temp_humidity_ws/install/dht11/share/dht11/cmake/dht11Config.cmake
[0.080s] -- Up-to-date: /home/elton/temp_humidity_ws/install/dht11/share/dht11/cmake/dht11Config-version.cmake
[0.080s] -- Up-to-date: /home/elton/temp_humidity_ws/install/dht11/share/dht11/package.xml
[0.081s] Invoked command in '/home/elton/temp_humidity_ws/build/dht11' returned '0': CMAKE_PREFIX_PATH=${CMAKE_PREFIX_PATH}:/opt/ros/jazzy DEBUGINFOD_URLS=https://debuginfod.ubuntu.com /usr/bin/cmake --install /home/elton/temp_humidity_ws/build/dht11
