[ 16%] [32mBuilding CXX object CMakeFiles/temp_sub.dir/src/temp_sub.cpp.o[0m
[ 50%] Built target dht_pub
[ 66%] [32mBuilding CXX object CMakeFiles/humid_sub.dir/src/humid_sub.cpp.o[0m
[ 83%] [32m[1mLinking CXX executable temp_sub[0m
[100%] [32m[1mLinking CXX executable humid_sub[0m
[100%] Built target temp_sub
[100%] Built target humid_sub
-- Install configuration: ""
-- Installing: /home/elton/temp_humidity_ws/install/dht11/lib/dht11/temp_sub
-- Set non-toolchain portion of runtime path of "/home/elton/temp_humidity_ws/install/dht11/lib/dht11/temp_sub" to ""
-- Installing: /home/elton/temp_humidity_ws/install/dht11/lib/dht11/humid_sub
-- Set non-toolchain portion of runtime path of "/home/elton/temp_humidity_ws/install/dht11/lib/dht11/humid_sub" to ""
-- Up-to-date: /home/elton/temp_humidity_ws/install/dht11/lib/dht11/dht_pub
-- Up-to-date: /home/elton/temp_humidity_ws/install/dht11/share/ament_index/resource_index/package_run_dependencies/dht11
-- Up-to-date: /home/elton/temp_humidity_ws/install/dht11/share/ament_index/resource_index/parent_prefix_path/dht11
-- Up-to-date: /home/elton/temp_humidity_ws/install/dht11/share/dht11/environment/ament_prefix_path.sh
-- Up-to-date: /home/elton/temp_humidity_ws/install/dht11/share/dht11/environment/ament_prefix_path.dsv
-- Up-to-date: /home/elton/temp_humidity_ws/install/dht11/share/dht11/environment/path.sh
-- Up-to-date: /home/elton/temp_humidity_ws/install/dht11/share/dht11/environment/path.dsv
-- Up-to-date: /home/elton/temp_humidity_ws/install/dht11/share/dht11/local_setup.bash
-- Up-to-date: /home/elton/temp_humidity_ws/install/dht11/share/dht11/local_setup.sh
-- Up-to-date: /home/elton/temp_humidity_ws/install/dht11/share/dht11/local_setup.zsh
-- Up-to-date: /home/elton/temp_humidity_ws/install/dht11/share/dht11/local_setup.dsv
-- Installing: /home/elton/temp_humidity_ws/install/dht11/share/dht11/package.dsv
-- Up-to-date: /home/elton/temp_humidity_ws/install/dht11/share/ament_index/resource_index/packages/dht11
-- Up-to-date: /home/elton/temp_humidity_ws/install/dht11/share/dht11/cmake/dht11Config.cmake
-- Up-to-date: /home/elton/temp_humidity_ws/install/dht11/share/dht11/cmake/dht11Config-version.cmake
-- Up-to-date: /home/elton/temp_humidity_ws/install/dht11/share/dht11/package.xml
