[0.010s] Invoking command in '/home/elton/temp_humidity_ws/build/dht11': CMAKE_PREFIX_PATH=${CMAKE_PREFIX_PATH}:/opt/ros/jazzy DEBUGINFOD_URLS=https://debuginfod.ubuntu.com /usr/bin/cmake --build /home/elton/temp_humidity_ws/build/dht11 -- -j22 -l22
[0.060s] [ 16%] [32mBuilding CXX object CMakeFiles/temp_sub.dir/src/temp_sub.cpp.o[0m
[0.060s] [ 50%] Built target dht_pub
[0.060s] [ 66%] [32mBuilding CXX object CMakeFiles/humid_sub.dir/src/humid_sub.cpp.o[0m
[4.512s] [ 83%] [32m[1mLinking CXX executable temp_sub[0m
[4.520s] [100%] [32m[1mLinking CXX executable humid_sub[0m
[4.672s] [100%] Built target temp_sub
[4.680s] [100%] Built target humid_sub
[4.688s] Invoked command in '/home/elton/temp_humidity_ws/build/dht11' returned '0': CMAKE_PREFIX_PATH=${CMAKE_PREFIX_PATH}:/opt/ros/jazzy DEBUGINFOD_URLS=https://debuginfod.ubuntu.com /usr/bin/cmake --build /home/elton/temp_humidity_ws/build/dht11 -- -j22 -l22
[4.697s] Invoking command in '/home/elton/temp_humidity_ws/build/dht11': CMAKE_PREFIX_PATH=${CMAKE_PREFIX_PATH}:/opt/ros/jazzy DEBUGINFOD_URLS=https://debuginfod.ubuntu.com /usr/bin/cmake --install /home/elton/temp_humidity_ws/build/dht11
[4.704s] -- Install configuration: ""
[4.704s] -- Installing: /home/elton/temp_humidity_ws/install/dht11/lib/dht11/temp_sub
[4.707s] -- Set non-toolchain portion of runtime path of "/home/elton/temp_humidity_ws/install/dht11/lib/dht11/temp_sub" to ""
[4.707s] -- Installing: /home/elton/temp_humidity_ws/install/dht11/lib/dht11/humid_sub
[4.709s] -- Set non-toolchain portion of runtime path of "/home/elton/temp_humidity_ws/install/dht11/lib/dht11/humid_sub" to ""
[4.709s] -- Up-to-date: /home/elton/temp_humidity_ws/install/dht11/lib/dht11/dht_pub
[4.709s] -- Up-to-date: /home/elton/temp_humidity_ws/install/dht11/share/ament_index/resource_index/package_run_dependencies/dht11
[4.709s] -- Up-to-date: /home/elton/temp_humidity_ws/install/dht11/share/ament_index/resource_index/parent_prefix_path/dht11
[4.709s] -- Up-to-date: /home/elton/temp_humidity_ws/install/dht11/share/dht11/environment/ament_prefix_path.sh
[4.709s] -- Up-to-date: /home/elton/temp_humidity_ws/install/dht11/share/dht11/environment/ament_prefix_path.dsv
[4.709s] -- Up-to-date: /home/elton/temp_humidity_ws/install/dht11/share/dht11/environment/path.sh
[4.709s] -- Up-to-date: /home/elton/temp_humidity_ws/install/dht11/share/dht11/environment/path.dsv
[4.709s] -- Up-to-date: /home/elton/temp_humidity_ws/install/dht11/share/dht11/local_setup.bash
[4.709s] -- Up-to-date: /home/elton/temp_humidity_ws/install/dht11/share/dht11/local_setup.sh
[4.709s] -- Up-to-date: /home/elton/temp_humidity_ws/install/dht11/share/dht11/local_setup.zsh
[4.709s] -- Up-to-date: /home/elton/temp_humidity_ws/install/dht11/share/dht11/local_setup.dsv
[4.709s] -- Installing: /home/elton/temp_humidity_ws/install/dht11/share/dht11/package.dsv
[4.709s] -- Up-to-date: /home/elton/temp_humidity_ws/install/dht11/share/ament_index/resource_index/packages/dht11
[4.709s] -- Up-to-date: /home/elton/temp_humidity_ws/install/dht11/share/dht11/cmake/dht11Config.cmake
[4.709s] -- Up-to-date: /home/elton/temp_humidity_ws/install/dht11/share/dht11/cmake/dht11Config-version.cmake
[4.709s] -- Up-to-date: /home/elton/temp_humidity_ws/install/dht11/share/dht11/package.xml
[4.710s] Invoked command in '/home/elton/temp_humidity_ws/build/dht11' returned '0': CMAKE_PREFIX_PATH=${CMAKE_PREFIX_PATH}:/opt/ros/jazzy DEBUGINFOD_URLS=https://debuginfod.ubuntu.com /usr/bin/cmake --install /home/elton/temp_humidity_ws/build/dht11
